This is e-pTeX, Version 3.14159265-p3.7-160201-2.6 (sjis) (TeX Live 2016/W32TeX) (preloaded format=platex 2016.4.7)  1 FEB 2019 12:17
entering extended mode
 restricted \write18 enabled.
 Source specials enabled.
 %&-line parsing enabled.
**grad_thesis.tex
(./grad_thesis.tex
pLaTeX2e <2006/11/10> (based on LaTeX2e <2016/03/31> patch level 0)
Babel <3.9q> and hyphenation patterns for 81 language(s) loaded.
(c:/w32tex/share/texmf-dist/tex/platex/base/jarticle.cls
Document Class: jarticle 2006/06/27 v1.6 Standard pLaTeX class
\c@@paper=\count81
(c:/w32tex/share/texmf-dist/tex/platex/base/jsize11.clo
File: jsize11.clo 2006/06/27 v1.6 Standard pLaTeX file (size option)
)
\c@part=\count82
\c@section=\count83
\c@subsection=\count84
\c@subsubsection=\count85
\c@paragraph=\count86
\c@subparagraph=\count87
\c@figure=\count88
\c@table=\count89
\abovecaptionskip=\skip41
\belowcaptionskip=\skip42
\symmincho=\mathgroup4
LaTeX Font Info:    Overwriting symbol font `mincho' in version `bold'
(Font)                  JY1/mc/m/n --> JY1/gt/m/n on input line 601.
\toclineskip=\dimen118
\@lnumwidth=\dimen119
\bibindent=\dimen120
\heisei=\count90
) (./ics-thesis.sty
Master/Bachelor Thesis Style for Dept. of I.C.S., Osaka Univ.
\nendo=\count91
\curmin=\count92
\hour=\count93
\onehour=\count94
\curhour=\count95
) (c:/w32tex/share/texmf-dist/tex/latex/amsfonts/amssymb.sty
Package: amssymb 2013/01/14 v3.01 AMS font symbols

(c:/w32tex/share/texmf-dist/tex/latex/amsfonts/amsfonts.sty
Package: amsfonts 2013/01/14 v3.01 Basic AMSFonts support
\@emptytoks=\toks15
\symAMSa=\mathgroup5
\symAMSb=\mathgroup6
LaTeX Font Info:    Overwriting math alphabet `\mathfrak' in version `bold'
(Font)                  U/euf/m/n --> U/euf/b/n on input line 106.
))
(c:/w32tex/share/texmf-dist/tex/latex/graphics/graphicx.sty
Package: graphicx 2014/10/28 v1.0g Enhanced LaTeX Graphics (DPC,SPQR)

(c:/w32tex/share/texmf-dist/tex/latex/graphics/keyval.sty
Package: keyval 2014/10/28 v1.15 key=value parser (DPC)
\KV@toks@=\toks16
)
(c:/w32tex/share/texmf-dist/tex/latex/graphics/graphics.sty
Package: graphics 2016/01/03 v1.0q Standard LaTeX Graphics (DPC,SPQR)

(c:/w32tex/share/texmf-dist/tex/latex/graphics/trig.sty
Package: trig 2016/01/03 v1.10 sin cos tan (DPC)
)
(c:/w32tex/share/texmf-dist/tex/latex/graphics-cfg/graphics.cfg
File: graphics.cfg 2016/01/02 v1.10 sample graphics configuration
)
Package graphics Info: Driver file: dvipdfmx.def on input line 95.

(c:/w32tex/share/texmf-dist/tex/latex/dvipdfmx-def/dvipdfmx.def
File: dvipdfmx.def 2016/04/06 v4.08 LaTeX color/graphics driver for dvipdfmx (T
eX Live/ChoF)

(c:/w32tex/share/texmf-dist/tex/generic/oberdiek/infwarerr.sty
Package: infwarerr 2010/04/08 v1.3 Providing info/warning/error messages (HO)
)
(c:/w32tex/share/texmf-dist/tex/generic/oberdiek/ltxcmds.sty
Package: ltxcmds 2011/11/09 v1.22 LaTeX kernel commands for general use (HO)
)))
\Gin@req@height=\dimen121
\Gin@req@width=\dimen122
)
(c:/w32tex/share/texmf-dist/tex/latex/caption/subcaption.sty
Package: subcaption 2016/02/20 v1.1-142 Sub-captions (AR)

(c:/w32tex/share/texmf-dist/tex/latex/caption/caption.sty
Package: caption 2016/02/21 v3.3-144 Customizing captions (AR)

(c:/w32tex/share/texmf-dist/tex/latex/caption/caption3.sty
Package: caption3 2016/02/04 v1.7-139 caption3 kernel (AR)
Package caption3 Info: TeX engine: e-TeX on input line 67.
\captionmargin=\dimen123
\captionmargin@=\dimen124
\captionwidth=\dimen125
\caption@tempdima=\dimen126
\caption@indent=\dimen127
\caption@parindent=\dimen128
\caption@hangindent=\dimen129
Package caption Info: Unknown document class (or package),
(caption)             standard defaults will be used.
)

Package caption Warning: Unsupported document class (or package) detected,
(caption)                usage of the caption package is not recommended.
See the caption package documentation for explanation.

Package caption Info: \@makecaption = \long macro:#1#2->\vskip \abovecaptionski
p \iftdir \sbox \@tempboxa {#1\hskip 1zw#2}\else \sbox \@tempboxa {#1: #2}\fi \
ifdim \wd \@tempboxa >\hsize \iftdir #1\hskip 1zw#2\relax \par \else #1: #2\rel
ax \par \fi \else \global \@minipagefalse \hbox to\hsize {\hfil \box \@tempboxa
 \hfil }\fi \vskip \belowcaptionskip .
\c@ContinuedFloat=\count96
)
\c@subfigure=\count97
\c@subtable=\count98
) (./grad_thesis.aux)
\openout1 = `grad_thesis.aux'.

LaTeX Font Info:    Checking defaults for OML/cmm/m/it on input line 13.
LaTeX Font Info:    ... okay on input line 13.
LaTeX Font Info:    Checking defaults for T1/cmr/m/n on input line 13.
LaTeX Font Info:    ... okay on input line 13.
LaTeX Font Info:    Checking defaults for OT1/cmr/m/n on input line 13.
LaTeX Font Info:    ... okay on input line 13.
LaTeX Font Info:    Checking defaults for OMS/cmsy/m/n on input line 13.
LaTeX Font Info:    ... okay on input line 13.
LaTeX Font Info:    Checking defaults for OMX/cmex/m/n on input line 13.
LaTeX Font Info:    ... okay on input line 13.
LaTeX Font Info:    Checking defaults for U/cmr/m/n on input line 13.
LaTeX Font Info:    ... okay on input line 13.
LaTeX Font Info:    Checking defaults for JY1/mc/m/n on input line 13.
LaTeX Font Info:    ... okay on input line 13.
LaTeX Font Info:    Checking defaults for JT1/mc/m/n on input line 13.
LaTeX Font Info:    ... okay on input line 13.
Package caption Info: Begin \AtBeginDocument code.
Package caption Info: End \AtBeginDocument code.
LaTeX Font Info:    Font shape `JT1/mc/bx/n' in size <14.4> not available
(Font)              Font shape `JT1/gt/m/n' tried instead on input line 14.
LaTeX Font Info:    Font shape `JY1/mc/bx/n' in size <14.4> not available
(Font)              Font shape `JY1/gt/m/n' tried instead on input line 14.
 [0

]
LaTeX Font Info:    Font shape `JT1/mc/bx/n' in size <12> not available
(Font)              Font shape `JT1/gt/m/n' tried instead on input line 15.
LaTeX Font Info:    Font shape `JY1/mc/bx/n' in size <12> not available
(Font)              Font shape `JY1/gt/m/n' tried instead on input line 15.
LaTeX Font Info:    Font shape `JT1/mc/bx/n' in size <10.95> not available
(Font)              Font shape `JT1/gt/m/n' tried instead on input line 19.
LaTeX Font Info:    Font shape `JY1/mc/bx/n' in size <10.95> not available
(Font)              Font shape `JY1/gt/m/n' tried instead on input line 19.
 [1] (./grad_thesis.toc
LaTeX Font Info:    Try loading font information for U+msa on input line 4.

(c:/w32tex/share/texmf-dist/tex/latex/amsfonts/umsa.fd
File: umsa.fd 2013/01/14 v3.01 AMS symbols A
)
LaTeX Font Info:    Try loading font information for U+msb on input line 4.

(c:/w32tex/share/texmf-dist/tex/latex/amsfonts/umsb.fd
File: umsb.fd 2013/01/14 v3.01 AMS symbols B
))
\tf@toc=\write3
\openout3 = `grad_thesis.toc'.

 [2]
Overfull \hbox (0.40509pt too wide) in paragraph at lines 41--46
\JY1/mc/m/n/10.95 いう手法がある ． フロ ッ キングとは ， 周囲のロボ ッ トに対
して ， \OT1/cmr/m/n/10.95 Sep-a-ra-tion,Alignment,Chesion
 []

[3] [4]
File: png/Untitled.png Graphic file (type bmp)
 <png/Untitled.png>

LaTeX Warning: Citation `speed' on page 5 undefined on input line 66.

File: png/bend.png Graphic file (type bmp)
<png/bend.png> [5]
File: png/vector.png Graphic file (type bmp)
 <png/vector.png>
File: png/vector2.png Graphic file (type bmp)
 <png/vector2.png>
Overfull \hbox (2.43332pt too wide) in paragraph at lines 109--119
[][]$[]$ $[]$ 
 []

[6]
File: png/rotation.png Graphic file (type bmp)
 <png/rotation.png>
File: png/sub.png Graphic file (type bmp)
 <png/sub.png>
Overfull \hbox (2.43332pt too wide) in paragraph at lines 139--147
[][]$[]$ $[]$ 
 []


Overfull \hbox (14.11263pt too wide) detected at line 164
\OML/cmm/m/it/10.95 R[]\OT1/cmr/m/n/10.95 (\OML/cmm/m/it/10.95 ^^^\OT1/cmr/m/n/
10.95 ) = []
 []

[7] [8] [9] [10] [11] [12] [13] (./grad_thesis.aux)

LaTeX Warning: There were undefined references.

 ) 
Here is how much of TeX's memory you used:
 2318 strings out of 493705
 34717 string characters out of 6152319
 102992 words of memory out of 5000000
 5874 multiletter control sequences out of 15000+600000
 16382 words of font info for 65 fonts, out of 8000000 for 9000
 929 hyphenation exceptions out of 8191
 42i,7n,40p,338b,527s stack positions out of 5000i,500n,10000p,500000b,80000s

Output written on grad_thesis.dvi (14 pages, 21744 bytes).
